Using pre-set license
Built from '2020.3/staging' branch; Version is '2020.3.20f1 (41c4e627c95f) revision 4310246'; Using compiler version '192528614'; Build Type 'Release'
OS: 'Windows 10 Pro; OS build 19043.1348; Version 2009; 64bit' Language: 'ja' Physical Memory: 16241 MB
BatchMode: 1, IsHumanControllingUs: 0, StartBugReporterOnCrash: 0, Is64bit: 1, IsPro: 0

COMMAND LINE ARGUMENTS:
C:\Program Files\Unity\Hub\Editor\2020.3.20f1\Editor\Unity.exe
-adb2
-batchMode
-noUpm
-name
AssetImportWorker0
-projectPath
C:/Users/hiro2/OneDrive/ドキュメント/GitHub/clonetest/Melody of BattleField
-logFile
Logs/AssetImportWorker0.log
-srvPort
58635
Successfully changed project path to: C:/Users/hiro2/OneDrive/ドキュメント/GitHub/clonetest/Melody of BattleField
C:/Users/hiro2/OneDrive/ドキュメント/GitHub/clonetest/Melody of BattleField
Using Asset Import Pipeline V2.
Refreshing native plugins compatible for Editor in 79.78 ms, found 2 plugins.
Preloading 0 native plugins for Editor in 0.00 ms.
Initialize engine version: 2020.3.20f1 (41c4e627c95f)
[Subsystems] Discovering subsystems at path C:/Program Files/Unity/Hub/Editor/2020.3.20f1/Editor/Data/Resources/UnitySubsystems
[Subsystems] Discovering subsystems at path C:/Users/hiro2/OneDrive/ドキュメント/GitHub/clonetest/Melody of BattleField/Assets
GfxDevice: creating device client; threaded=0
Direct3D:
    Version:  Direct3D 11.0 [level 11.1]
    Renderer: NVIDIA GeForce RTX 2060 (ID=0x1f11)
    Vendor:   
    VRAM:     5980 MB
    Driver:   30.0.14.9676
Initialize mono
Mono path[0] = 'C:/Program Files/Unity/Hub/Editor/2020.3.20f1/Editor/Data/Managed'
Mono path[1] = 'C:/Program Files/Unity/Hub/Editor/2020.3.20f1/Editor/Data/MonoBleedingEdge/lib/mono/unityjit'
Mono config path = 'C:/Program Files/Unity/Hub/Editor/2020.3.20f1/Editor/Data/MonoBleedingEdge/etc'
Using monoOptions --debugger-agent=transport=dt_socket,embedding=1,server=y,suspend=n,address=127.0.0.1:56768
Begin MonoManager ReloadAssembly
Registering precompiled unity dll's ...
Register platform support module: C:/Program Files/Unity/Hub/Editor/2020.3.20f1/Editor/Data/PlaybackEngines/WindowsStandaloneSupport/UnityEditor.WindowsStandalone.Extensions.dll
Registered in 0.002720 seconds.
Native extension for WindowsStandalone target not found
Refreshing native plugins compatible for Editor in 47.88 ms, found 2 plugins.
Preloading 0 native plugins for Editor in 0.00 ms.
Mono: successfully reloaded assembly
- Completed reload, in  1.076 seconds
Domain Reload Profiling:
	ReloadAssembly (1076ms)
		BeginReloadAssembly (71ms)
			ExecutionOrderSort (0ms)
			DisableScriptedObjects (0ms)
			BackupInstance (0ms)
			ReleaseScriptingObjects (0ms)
			CreateAndSetChildDomain (1ms)
		EndReloadAssembly (393ms)
			LoadAssemblies (69ms)
			RebuildTransferFunctionScriptingTraits (0ms)
			SetupTypeCache (142ms)
			ReleaseScriptCaches (0ms)
			RebuildScriptCaches (28ms)
			SetupLoadedEditorAssemblies (155ms)
				LogAssemblyErrors (0ms)
				InitializePlatformSupportModulesInManaged (3ms)
				SetLoadedEditorAssemblies (0ms)
				RefreshPlugins (48ms)
				BeforeProcessingInitializeOnLoad (7ms)
				ProcessInitializeOnLoadAttributes (70ms)
				ProcessInitializeOnLoadMethodAttributes (26ms)
				AfterProcessingInitializeOnLoad (0ms)
				EditorAssembliesLoaded (0ms)
			ExecutionOrderSort2 (0ms)
			AwakeInstancesAfterBackupRestoration (0ms)
Platform modules already initialized, skipping
Registering precompiled user dll's ...
Registered in 0.012856 seconds.
Begin MonoManager ReloadAssembly
Native extension for WindowsStandalone target not found
Refreshing native plugins compatible for Editor in 0.64 ms, found 2 plugins.
Preloading 0 native plugins for Editor in 0.00 ms.
Mono: successfully reloaded assembly
- Completed reload, in  1.074 seconds
Domain Reload Profiling:
	ReloadAssembly (1075ms)
		BeginReloadAssembly (150ms)
			ExecutionOrderSort (0ms)
			DisableScriptedObjects (4ms)
			BackupInstance (0ms)
			ReleaseScriptingObjects (0ms)
			CreateAndSetChildDomain (16ms)
		EndReloadAssembly (866ms)
			LoadAssemblies (124ms)
			RebuildTransferFunctionScriptingTraits (0ms)
			SetupTypeCache (275ms)
			ReleaseScriptCaches (0ms)
			RebuildScriptCaches (42ms)
			SetupLoadedEditorAssemblies (352ms)
				LogAssemblyErrors (0ms)
				InitializePlatformSupportModulesInManaged (6ms)
				SetLoadedEditorAssemblies (0ms)
				RefreshPlugins (1ms)
				BeforeProcessingInitializeOnLoad (68ms)
				ProcessInitializeOnLoadAttributes (229ms)
				ProcessInitializeOnLoadMethodAttributes (42ms)
				AfterProcessingInitializeOnLoad (6ms)
				EditorAssembliesLoaded (0ms)
			ExecutionOrderSort2 (0ms)
			AwakeInstancesAfterBackupRestoration (6ms)
Platform modules already initialized, skipping
========================================================================
Worker process is ready to serve import requests
Launched and connected shader compiler UnityShaderCompiler.exe after 0.06 seconds
Refreshing native plugins compatible for Editor in 0.66 ms, found 2 plugins.
Preloading 0 native plugins for Editor in 0.00 ms.
Unloading 2141 Unused Serialized files (Serialized files now loaded: 0)
System memory in use before: 87.1 MB.
System memory in use after: 87.2 MB.

Unloading 58 unused Assets to reduce memory usage. Loaded Objects now: 2546.
Total: 6.236000 ms (FindLiveObjects: 0.176900 ms CreateObjectMapping: 0.061400 ms MarkObjects: 5.921700 ms  DeleteObjects: 0.074900 ms)

AssetImportParameters requested are different than current active one (requested -> active):
  custom:framework-win-MediaFoundation: 216162199b28c13a410421893ffa2e32 -> 
  custom:video-decoder-ogg-theora: a1e56fd34408186e4bbccfd4996cb3dc -> 
  custom:container-muxer-webm: aa71ff27fc2769a1b78a27578f13a17b -> 
  custom:container-demuxer-webm: 4f35f7cbe854078d1ac9338744f61a02 -> 
  custom:container-demuxer-ogg: 62fdf1f143b41e24485cea50d1cbac27 -> 
  custom:video-encoder-webm-vp8: eb34c28f22e8b96e1ab97ce403110664 -> 
  custom:video-codec-MediaFoundation-h265: 746d11721c4dcdbdad8f713fa42b33f4 -> 
  custom:video-decoder-webm-vp8: 9c59270c3fd7afecdb556c50c9e8de78 -> 
  custom:audio-decoder-ogg-vorbis: bf7c407c2cedff20999df2af8eb42d56 -> 
  custom:audio-encoder-webm-vorbis: bf7c407c2cedff20999df2af8eb42d56 -> 
========================================================================
Received Import Request.
  path: Assets/泡.prefab
  artifactKey: Guid(8ab7595b684e0a447992bf093e1c3abd) Importer(815301076,1909f56bfc062723c751e8b465ee728b)
Start importing Assets/泡.prefab using Guid(8ab7595b684e0a447992bf093e1c3abd) Importer(815301076,1909f56bfc062723c751e8b465ee728b)  -> (artifact id: '728070d99b8a034683343aeca173fafe') in 0.437068 seconds 
  Import took 0.441050 seconds .

========================================================================
Received Import Request.
  Time since last request: 0.000348 seconds.
  path: Assets/Model/Umakosi/Prefab/DragonBoarPBR/BlueBoarPBR.prefab
  artifactKey: Guid(907325ec940ecbf409d1505976f5fcd5) Importer(815301076,1909f56bfc062723c751e8b465ee728b)
Start importing Assets/Model/Umakosi/Prefab/DragonBoarPBR/BlueBoarPBR.prefab using Guid(907325ec940ecbf409d1505976f5fcd5) Importer(815301076,1909f56bfc062723c751e8b465ee728b)  -> (artifact id: 'e939270f321da6f49e8596ab0892e678') in 0.009363 seconds 
  Import took 0.012517 seconds .

========================================================================
Received Import Request.
  Time since last request: 0.000256 seconds.
  path: Assets/Model/Umakosi/WildFire 1.prefab
  artifactKey: Guid(0a3caa65f36e6c74982d636fa080c3f8) Importer(815301076,1909f56bfc062723c751e8b465ee728b)
Start importing Assets/Model/Umakosi/WildFire 1.prefab using Guid(0a3caa65f36e6c74982d636fa080c3f8) Importer(815301076,1909f56bfc062723c751e8b465ee728b)  -> (artifact id: '181d30b30942c3ab41abd63677439b7f') in 0.177126 seconds 
  Import took 0.180487 seconds .

========================================================================
Received Import Request.
  Time since last request: 0.000253 seconds.
  path: Assets/Prefab/Uematu/泡.prefab
  artifactKey: Guid(9b4349c95ae56fc46bbe9166c7186c05) Importer(815301076,1909f56bfc062723c751e8b465ee728b)
Start importing Assets/Prefab/Uematu/泡.prefab using Guid(9b4349c95ae56fc46bbe9166c7186c05) Importer(815301076,1909f56bfc062723c751e8b465ee728b)  -> (artifact id: '1354195d6212798ce8823b0804f000a5') in 0.015036 seconds 
  Import took 0.017952 seconds .

========================================================================
Received Import Request.
  Time since last request: 0.000196 seconds.
  path: Assets/Model/Umakosi/Prefab/DragonSoulEaterHP/DragonSoulEaterGreenHP.prefab
  artifactKey: Guid(fb64934996b606541bc2557bc4f51645) Importer(815301076,1909f56bfc062723c751e8b465ee728b)
Start importing Assets/Model/Umakosi/Prefab/DragonSoulEaterHP/DragonSoulEaterGreenHP.prefab using Guid(fb64934996b606541bc2557bc4f51645) Importer(815301076,1909f56bfc062723c751e8b465ee728b)  -> (artifact id: '7cc6663c8121da702a0fcae395636e9b') in 0.008240 seconds 
  Import took 0.011264 seconds .

========================================================================
Received Import Request.
  Time since last request: 0.000237 seconds.
  path: Assets/Model/Umakosi/Prefab/DragonBoarPBR/GreenBoarPBR.prefab
  artifactKey: Guid(7add1d5b90ab7234d92b5feb2d77c953) Importer(815301076,1909f56bfc062723c751e8b465ee728b)
Start importing Assets/Model/Umakosi/Prefab/DragonBoarPBR/GreenBoarPBR.prefab using Guid(7add1d5b90ab7234d92b5feb2d77c953) Importer(815301076,1909f56bfc062723c751e8b465ee728b)  -> (artifact id: 'b76284e0d18f1c7ff96cd9087bd34bb6') in 0.007707 seconds 
  Import took 0.010802 seconds .

========================================================================
Received Import Request.
  Time since last request: 0.000282 seconds.
  path: Assets/Model/Umakosi/Prefab/DragonSoulEaterHP/DragonSoulEaterPurpleHP.prefab
  artifactKey: Guid(d49b3de70b15bcc4c92b72c9d8610ebc) Importer(815301076,1909f56bfc062723c751e8b465ee728b)
Start importing Assets/Model/Umakosi/Prefab/DragonSoulEaterHP/DragonSoulEaterPurpleHP.prefab using Guid(d49b3de70b15bcc4c92b72c9d8610ebc) Importer(815301076,1909f56bfc062723c751e8b465ee728b)  -> (artifact id: '0d21836f7be41cc20a07b4e96c6c869f') in 0.008218 seconds 
  Import took 0.011459 seconds .

========================================================================
Received Import Request.
  Time since last request: 0.000286 seconds.
  path: Packages/com.unity.analytics/DataPrivacy/DataPrivacyButton.prefab
  artifactKey: Guid(71b11355001648444b41d17fd36c150d) Importer(815301076,1909f56bfc062723c751e8b465ee728b)
Start importing Packages/com.unity.analytics/DataPrivacy/DataPrivacyButton.prefab using Guid(71b11355001648444b41d17fd36c150d) Importer(815301076,1909f56bfc062723c751e8b465ee728b)  -> (artifact id: '09f9b9e315ebd1998aa1d3e23c6e34d4') in 0.023419 seconds 
  Import took 0.026999 seconds .

========================================================================
Received Import Request.
  Time since last request: 0.000332 seconds.
  path: Assets/Model/Umakosi/Animations/DragonSoulEater/Basic Attack.fbx
  artifactKey: Guid(5d9efb65c776b714fb5123711f07de0c) Importer(815301076,1909f56bfc062723c751e8b465ee728b)
Start importing Assets/Model/Umakosi/Animations/DragonSoulEater/Basic Attack.fbx using Guid(5d9efb65c776b714fb5123711f07de0c) Importer(815301076,1909f56bfc062723c751e8b465ee728b)  -> (artifact id: '25e7d536d70032f4495353d4cae93c68') in 0.043771 seconds 
  Import took 0.046834 seconds .

========================================================================
Received Import Request.
  Time since last request: 0.000267 seconds.
  path: Assets/Model/Umakosi/Mesh/DragonSoulEaterMesh.fbx
  artifactKey: Guid(f14db21b5e70e3d4ab6f0e158099a341) Importer(815301076,1909f56bfc062723c751e8b465ee728b)
Start importing Assets/Model/Umakosi/Mesh/DragonSoulEaterMesh.fbx using Guid(f14db21b5e70e3d4ab6f0e158099a341) Importer(815301076,1909f56bfc062723c751e8b465ee728b)  -> (artifact id: 'f932350cc6f4de36079402f8f4024ed0') in 0.007602 seconds 
  Import took 0.010344 seconds .

========================================================================
Received Import Request.
  Time since last request: 0.000195 seconds.
  path: Assets/Model/Umakosi/Animations/DragonSoulEater/Idle.fbx
  artifactKey: Guid(53822ae0b4a40a24b97e0cf0388e4248) Importer(815301076,1909f56bfc062723c751e8b465ee728b)
Start importing Assets/Model/Umakosi/Animations/DragonSoulEater/Idle.fbx using Guid(53822ae0b4a40a24b97e0cf0388e4248) Importer(815301076,1909f56bfc062723c751e8b465ee728b)  -> (artifact id: '66db96ae89ae601138d2b976ca833233') in 0.012530 seconds 
  Import took 0.015402 seconds .

========================================================================
Received Import Request.
  Time since last request: 0.000203 seconds.
  path: Assets/Model/Umakosi/Animations/DragonSoulEater/Sleeping.fbx
  artifactKey: Guid(0b0985d8d75993d4ba1c094379da358c) Importer(815301076,1909f56bfc062723c751e8b465ee728b)
Start importing Assets/Model/Umakosi/Animations/DragonSoulEater/Sleeping.fbx using Guid(0b0985d8d75993d4ba1c094379da358c) Importer(815301076,1909f56bfc062723c751e8b465ee728b)  -> (artifact id: '2dcb6afa1555907695f1d399ffe361f7') in 0.006796 seconds 
  Import took 0.009989 seconds .

========================================================================
Received Import Request.
  Time since last request: 0.000224 seconds.
  path: Assets/Model/Umakosi/Animations/DragonBoar/run.fbx
  artifactKey: Guid(5f9b47d1228458148ac9b6e86d151862) Importer(815301076,1909f56bfc062723c751e8b465ee728b)
Start importing Assets/Model/Umakosi/Animations/DragonBoar/run.fbx using Guid(5f9b47d1228458148ac9b6e86d151862) Importer(815301076,1909f56bfc062723c751e8b465ee728b)  -> (artifact id: 'd58708b580820238582d4c26770cc74f') in 0.007208 seconds 
  Import took 0.010180 seconds .

========================================================================
Received Import Request.
  Time since last request: 0.000225 seconds.
  path: Assets/Model/Umakosi/BattleStage.fbx
  artifactKey: Guid(24d55b95c7ac5dd4493536712eca5b25) Importer(815301076,1909f56bfc062723c751e8b465ee728b)
Start importing Assets/Model/Umakosi/BattleStage.fbx using Guid(24d55b95c7ac5dd4493536712eca5b25) Importer(815301076,1909f56bfc062723c751e8b465ee728b)  -> (artifact id: '98293281fcdb9e9c2bc7362c812b9f2d') in 0.006857 seconds 
  Import took 0.010304 seconds .

========================================================================
Received Import Request.
  Time since last request: 0.000261 seconds.
  path: Assets/Model/Umakosi/Animations/DragonSoulEater/Get Hit.fbx
  artifactKey: Guid(34cbf41484d0da24e9a24545c9d5a332) Importer(815301076,1909f56bfc062723c751e8b465ee728b)
Start importing Assets/Model/Umakosi/Animations/DragonSoulEater/Get Hit.fbx using Guid(34cbf41484d0da24e9a24545c9d5a332) Importer(815301076,1909f56bfc062723c751e8b465ee728b)  -> (artifact id: '24a34739bee86011159a7be1884302ab') in 0.006999 seconds 
  Import took 0.010312 seconds .

========================================================================
Received Import Request.
  Time since last request: 0.000169 seconds.
  path: Assets/Model/Umakosi/Prefab/DragonBoarPBR/GoldBoarPBR.prefab
  artifactKey: Guid(36dd14b7ef773c54e96eb7d110c8b5ce) Importer(815301076,1909f56bfc062723c751e8b465ee728b)
Start importing Assets/Model/Umakosi/Prefab/DragonBoarPBR/GoldBoarPBR.prefab using Guid(36dd14b7ef773c54e96eb7d110c8b5ce) Importer(815301076,1909f56bfc062723c751e8b465ee728b)  -> (artifact id: '43d7ee3ea22df8115e9e1f44dbd19a1f') in 0.007678 seconds 
  Import took 0.010631 seconds .

========================================================================
Received Import Request.
  Time since last request: 0.000277 seconds.
  path: Assets/Model/Uematu/LB3D/CrabMonster/Models/crab-monster.fbx
  artifactKey: Guid(5779b1a41ccf45b45bfc238034373133) Importer(815301076,1909f56bfc062723c751e8b465ee728b)
Start importing Assets/Model/Uematu/LB3D/CrabMonster/Models/crab-monster.fbx using Guid(5779b1a41ccf45b45bfc238034373133) Importer(815301076,1909f56bfc062723c751e8b465ee728b)  -> (artifact id: '494a8c05797c8a96dc4fff1aef50a755') in 0.007008 seconds 
  Import took 0.010326 seconds .

========================================================================
Received Import Request.
  Time since last request: 0.000204 seconds.
  path: Assets/Model/Uematu/LB3D/CrabMonster/Prefabs/CrabMonster 1.prefab
  artifactKey: Guid(4e7afdf31c20ebf419ea38bf1d358719) Importer(815301076,1909f56bfc062723c751e8b465ee728b)
Start importing Assets/Model/Uematu/LB3D/CrabMonster/Prefabs/CrabMonster 1.prefab using Guid(4e7afdf31c20ebf419ea38bf1d358719) Importer(815301076,1909f56bfc062723c751e8b465ee728b)  -> (artifact id: '135a1db4a6a7ae1f0351346784f8d3b2') in 0.009253 seconds 
  Import took 0.013076 seconds .

========================================================================
Received Import Request.
  Time since last request: 0.000240 seconds.
  path: Assets/Model/Umakosi/Prefab/DragonSoulEaterPBR/DragonSoulEaterPurplePBR.prefab
  artifactKey: Guid(0bdbbc31102770146858004072a8752a) Importer(815301076,1909f56bfc062723c751e8b465ee728b)
Start importing Assets/Model/Umakosi/Prefab/DragonSoulEaterPBR/DragonSoulEaterPurplePBR.prefab using Guid(0bdbbc31102770146858004072a8752a) Importer(815301076,1909f56bfc062723c751e8b465ee728b)  -> (artifact id: 'a68b6e247bdff6b4170a91423850d5dc') in 0.008601 seconds 
  Import took 0.011885 seconds .

========================================================================
Received Import Request.
  Time since last request: 0.000251 seconds.
  path: Assets/Model/Umakosi/Mesh/Stage.fbx
  artifactKey: Guid(2897399b8106c274f9e41904f19945b0) Importer(815301076,1909f56bfc062723c751e8b465ee728b)
Start importing Assets/Model/Umakosi/Mesh/Stage.fbx using Guid(2897399b8106c274f9e41904f19945b0) Importer(815301076,1909f56bfc062723c751e8b465ee728b)  -> (artifact id: '791b9a09aae4f325f6c6567e79792830') in 0.006922 seconds 
  Import took 0.010212 seconds .

========================================================================
Received Import Request.
  Time since last request: 0.000196 seconds.
  path: Assets/Model/Umakosi/Animations/DragonSoulEater/Fireball Shoot.fbx
  artifactKey: Guid(6e4f9ef5485ccb04299f52ceae24d120) Importer(815301076,1909f56bfc062723c751e8b465ee728b)
Start importing Assets/Model/Umakosi/Animations/DragonSoulEater/Fireball Shoot.fbx using Guid(6e4f9ef5485ccb04299f52ceae24d120) Importer(815301076,1909f56bfc062723c751e8b465ee728b)  -> (artifact id: '2b5feaa2ff475b4391e1d29f3382f5d3') in 0.007127 seconds 
  Import took 0.010471 seconds .

========================================================================
Received Import Request.
  Time since last request: 0.000282 seconds.
  path: Assets/Model/Umakosi/Prefab/DragonBoarPBR/RedBoarPBR.prefab
  artifactKey: Guid(83187382e7bb7844da2964a6fec3b29b) Importer(815301076,1909f56bfc062723c751e8b465ee728b)
Start importing Assets/Model/Umakosi/Prefab/DragonBoarPBR/RedBoarPBR.prefab using Guid(83187382e7bb7844da2964a6fec3b29b) Importer(815301076,1909f56bfc062723c751e8b465ee728b)  -> (artifact id: '6f5e4e40da5992580261ae8182bf381a') in 0.007470 seconds 
  Import took 0.010412 seconds .

========================================================================
Received Import Request.
  Time since last request: 0.000155 seconds.
  path: Assets/Model/Umakosi/Animations/DragonSoulEater/Tail Attack.fbx
  artifactKey: Guid(1e32448c0eb5bdb45b3a576fb8011df0) Importer(815301076,1909f56bfc062723c751e8b465ee728b)
Start importing Assets/Model/Umakosi/Animations/DragonSoulEater/Tail Attack.fbx using Guid(1e32448c0eb5bdb45b3a576fb8011df0) Importer(815301076,1909f56bfc062723c751e8b465ee728b)  -> (artifact id: '78ab14cabe03adc4f55fc3414fbbeaad') in 0.006784 seconds 
  Import took 0.010688 seconds .

========================================================================
Received Import Request.
  Time since last request: 0.000217 seconds.
  path: Assets/Model/Umakosi/RimLightFireBall.prefab
  artifactKey: Guid(284c7eb0e9fa8df48aea798ed48fc2b4) Importer(815301076,1909f56bfc062723c751e8b465ee728b)
Start importing Assets/Model/Umakosi/RimLightFireBall.prefab using Guid(284c7eb0e9fa8df48aea798ed48fc2b4) Importer(815301076,1909f56bfc062723c751e8b465ee728b)  -> (artifact id: 'f95fec126621d1c67f522675e2f1680b') in 0.014087 seconds 
  Import took 0.017608 seconds .

========================================================================
Received Import Request.
  Time since last request: 0.000221 seconds.
  path: Assets/Model/Umakosi/Animations/DragonSoulEater/Land.fbx
  artifactKey: Guid(9b846aa063f67a34b80cef9a15befe38) Importer(815301076,1909f56bfc062723c751e8b465ee728b)
Start importing Assets/Model/Umakosi/Animations/DragonSoulEater/Land.fbx using Guid(9b846aa063f67a34b80cef9a15befe38) Importer(815301076,1909f56bfc062723c751e8b465ee728b)  -> (artifact id: '2a5b4bc9c8d52e85c907b458c82ef2fa') in 0.007207 seconds 
  Import took 0.010118 seconds .

========================================================================
Received Import Request.
  Time since last request: 0.000279 seconds.
  path: Assets/Model/Umakosi/Animations/DragonSoulEater/Defend.fbx
  artifactKey: Guid(e0b6d06a8887b3641a0608659230e121) Importer(815301076,1909f56bfc062723c751e8b465ee728b)
Start importing Assets/Model/Umakosi/Animations/DragonSoulEater/Defend.fbx using Guid(e0b6d06a8887b3641a0608659230e121) Importer(815301076,1909f56bfc062723c751e8b465ee728b)  -> (artifact id: '150e7ce8b1b25d814f42d3d0eda24669') in 0.008403 seconds 
  Import took 0.011712 seconds .

========================================================================
Received Import Request.
  Time since last request: 0.000240 seconds.
  path: Assets/Model/Umakosi/Animations/DragonBoar/attack.fbx
  artifactKey: Guid(3fd80404506c6734282c368b3d3b36f0) Importer(815301076,1909f56bfc062723c751e8b465ee728b)
Start importing Assets/Model/Umakosi/Animations/DragonBoar/attack.fbx using Guid(3fd80404506c6734282c368b3d3b36f0) Importer(815301076,1909f56bfc062723c751e8b465ee728b)  -> (artifact id: 'c95b67714c8d741a0c27514610fcf650') in 0.008247 seconds 
  Import took 0.011537 seconds .

========================================================================
Received Import Request.
  Time since last request: 0.000224 seconds.
  path: Assets/Model/Umakosi/Animations/DragonBoar/walk.fbx
  artifactKey: Guid(4c7a0e0d6f7821c439d739697a6bbee0) Importer(815301076,1909f56bfc062723c751e8b465ee728b)
Start importing Assets/Model/Umakosi/Animations/DragonBoar/walk.fbx using Guid(4c7a0e0d6f7821c439d739697a6bbee0) Importer(815301076,1909f56bfc062723c751e8b465ee728b)  -> (artifact id: 'f72fc8e6b2956ed758c6ca5f8ab286b0') in 0.009935 seconds 
  Import took 0.014817 seconds .

========================================================================
Received Import Request.
  Time since last request: 0.000309 seconds.
  path: Assets/Prefab/Uematu/BreathBall.prefab
  artifactKey: Guid(ce48467405a2da84fbac8cac211a0d39) Importer(815301076,1909f56bfc062723c751e8b465ee728b)
Start importing Assets/Prefab/Uematu/BreathBall.prefab using Guid(ce48467405a2da84fbac8cac211a0d39) Importer(815301076,1909f56bfc062723c751e8b465ee728b)  -> (artifact id: 'b3bd09c6beec546a3762b14b28dcf047') in 0.015442 seconds 
  Import took 0.019077 seconds .

========================================================================
Received Import Request.
  Time since last request: 0.000172 seconds.
  path: Assets/Model/Umakosi/Animations/DragonBoar/idle.fbx
  artifactKey: Guid(2bcf21f129797c541a2ce3587bf59eed) Importer(815301076,1909f56bfc062723c751e8b465ee728b)
Start importing Assets/Model/Umakosi/Animations/DragonBoar/idle.fbx using Guid(2bcf21f129797c541a2ce3587bf59eed) Importer(815301076,1909f56bfc062723c751e8b465ee728b)  -> (artifact id: 'aaf79e563186fe39508304b263211893') in 0.007564 seconds 
  Import took 0.010559 seconds .

========================================================================
Received Import Request.
  Time since last request: 0.000185 seconds.
  path: Assets/Model/Umakosi/FireBall 1.prefab
  artifactKey: Guid(c54469fc876bd50468397d0685f65718) Importer(815301076,1909f56bfc062723c751e8b465ee728b)
Start importing Assets/Model/Umakosi/FireBall 1.prefab using Guid(c54469fc876bd50468397d0685f65718) Importer(815301076,1909f56bfc062723c751e8b465ee728b)  -> (artifact id: 'ee978c5ad63da9ac6b775dfec3540b18') in 0.264633 seconds 
  Import took 0.267937 seconds .

========================================================================
Received Import Request.
  Time since last request: 0.000266 seconds.
  path: Assets/Model/Umakosi/Animations/DragonSoulEater/Take Off.fbx
  artifactKey: Guid(24717e004c7ffb84a901d2dfdcc426bf) Importer(815301076,1909f56bfc062723c751e8b465ee728b)
Start importing Assets/Model/Umakosi/Animations/DragonSoulEater/Take Off.fbx using Guid(24717e004c7ffb84a901d2dfdcc426bf) Importer(815301076,1909f56bfc062723c751e8b465ee728b)  -> (artifact id: '8c5b898c86df086f5549d15e62fb4d74') in 0.007520 seconds 
  Import took 0.010233 seconds .

========================================================================
Received Import Request.
  Time since last request: 0.000191 seconds.
  path: Assets/Model/Umakosi/Animations/DragonBoar/GetHit.fbx
  artifactKey: Guid(b4c53a0d61354f943a98448f95b52c30) Importer(815301076,1909f56bfc062723c751e8b465ee728b)
Start importing Assets/Model/Umakosi/Animations/DragonBoar/GetHit.fbx using Guid(b4c53a0d61354f943a98448f95b52c30) Importer(815301076,1909f56bfc062723c751e8b465ee728b)  -> (artifact id: 'd12b354bfdf38da611ca31a3a01d65ff') in 0.008734 seconds 
  Import took 0.012064 seconds .

========================================================================
Received Import Request.
  Time since last request: 0.000188 seconds.
  path: Assets/Model/Umakosi/Animations/DragonSoulEater/Fly Forward.fbx
  artifactKey: Guid(5fa09084d33ac9046a4a22372e78213e) Importer(815301076,1909f56bfc062723c751e8b465ee728b)
Start importing Assets/Model/Umakosi/Animations/DragonSoulEater/Fly Forward.fbx using Guid(5fa09084d33ac9046a4a22372e78213e) Importer(815301076,1909f56bfc062723c751e8b465ee728b)  -> (artifact id: '5d4963856efea2241a602d311517d33f') in 0.007086 seconds 
  Import took 0.010588 seconds .

========================================================================
Received Import Request.
  Time since last request: 0.000235 seconds.
  path: Assets/Model/Umakosi/Animations/DragonSoulEater/Fly Float.fbx
  artifactKey: Guid(e02bdaca3b0c3284ab993c4eba862036) Importer(815301076,1909f56bfc062723c751e8b465ee728b)
Start importing Assets/Model/Umakosi/Animations/DragonSoulEater/Fly Float.fbx using Guid(e02bdaca3b0c3284ab993c4eba862036) Importer(815301076,1909f56bfc062723c751e8b465ee728b)  -> (artifact id: '0c4a79133918e7cdff0dc113a93e95cd') in 0.007615 seconds 
  Import took 0.010661 seconds .

========================================================================
Received Import Request.
  Time since last request: 0.000238 seconds.
  path: Assets/Model/Umakosi/Animations/DragonSoulEater/Fly Glide.fbx
  artifactKey: Guid(28a39de94def6c84ca4b447fa78a3a66) Importer(815301076,1909f56bfc062723c751e8b465ee728b)
Start importing Assets/Model/Umakosi/Animations/DragonSoulEater/Fly Glide.fbx using Guid(28a39de94def6c84ca4b447fa78a3a66) Importer(815301076,1909f56bfc062723c751e8b465ee728b)  -> (artifact id: '95f21f93e9897f0a1140fe293f953f02') in 0.007507 seconds 
  Import took 0.010515 seconds .

========================================================================
Received Import Request.
  Time since last request: 0.000328 seconds.
  path: Assets/Model/Umakosi/Animations/DragonBoar/HornAttack.fbx
  artifactKey: Guid(3496cda763ff70b40aeed94cf510c9db) Importer(815301076,1909f56bfc062723c751e8b465ee728b)
Start importing Assets/Model/Umakosi/Animations/DragonBoar/HornAttack.fbx using Guid(3496cda763ff70b40aeed94cf510c9db) Importer(815301076,1909f56bfc062723c751e8b465ee728b)  -> (artifact id: '7c9b6bb8dac3cf8d956268e4307ff190') in 0.007481 seconds 
  Import took 0.010702 seconds .

========================================================================
Received Import Request.
  Time since last request: 0.000226 seconds.
  path: Assets/Model/Umakosi/Prefab/DragonSoulEaterHP/DragonSoulEaterBlueHP.prefab
  artifactKey: Guid(46f5c004c20094c49889487b4f6d72c6) Importer(815301076,1909f56bfc062723c751e8b465ee728b)
Start importing Assets/Model/Umakosi/Prefab/DragonSoulEaterHP/DragonSoulEaterBlueHP.prefab using Guid(46f5c004c20094c49889487b4f6d72c6) Importer(815301076,1909f56bfc062723c751e8b465ee728b)  -> (artifact id: '1a0079a3e534d7d528bd4da3de5b1f85') in 0.008553 seconds 
  Import took 0.011765 seconds .

========================================================================
Received Import Request.
  Time since last request: 0.000191 seconds.
  path: Assets/Model/Umakosi/Mesh/DragonBoarMesh.fbx
  artifactKey: Guid(5c658df0d8d544b4c860c0ad70993a2a) Importer(815301076,1909f56bfc062723c751e8b465ee728b)
Start importing Assets/Model/Umakosi/Mesh/DragonBoarMesh.fbx using Guid(5c658df0d8d544b4c860c0ad70993a2a) Importer(815301076,1909f56bfc062723c751e8b465ee728b)  -> (artifact id: 'f5e98ed73d4cd3b99df740fa18bc3837') in 0.006738 seconds 
  Import took 0.010186 seconds .

========================================================================
Received Import Request.
  Time since last request: 0.000186 seconds.
  path: Assets/Model/Umakosi/Animations/DragonSoulEater/Scream.fbx
  artifactKey: Guid(8b0b248c4105fd841aad612f61769ae9) Importer(815301076,1909f56bfc062723c751e8b465ee728b)
Start importing Assets/Model/Umakosi/Animations/DragonSoulEater/Scream.fbx using Guid(8b0b248c4105fd841aad612f61769ae9) Importer(815301076,1909f56bfc062723c751e8b465ee728b)  -> (artifact id: '0c6ab1534f0fcf9b7e63b29c3288718e') in 0.006933 seconds 
  Import took 0.009864 seconds .

========================================================================
Received Import Request.
  Time since last request: 0.000280 seconds.
  path: Assets/Model/Umakosi/Animations/DragonBoar/Scream.fbx
  artifactKey: Guid(131e870b83920764e869069cf8c977e9) Importer(815301076,1909f56bfc062723c751e8b465ee728b)
Start importing Assets/Model/Umakosi/Animations/DragonBoar/Scream.fbx using Guid(131e870b83920764e869069cf8c977e9) Importer(815301076,1909f56bfc062723c751e8b465ee728b)  -> (artifact id: '2487c9e575137e0437dc583e5a8e4db2') in 0.007178 seconds 
  Import took 0.010039 seconds .

========================================================================
Received Import Request.
  Time since last request: 0.000179 seconds.
  path: Assets/Model/Umakosi/Animations/DragonSoulEater/Run.fbx
  artifactKey: Guid(93048e03d4dc597468fce555d02e9274) Importer(815301076,1909f56bfc062723c751e8b465ee728b)
Start importing Assets/Model/Umakosi/Animations/DragonSoulEater/Run.fbx using Guid(93048e03d4dc597468fce555d02e9274) Importer(815301076,1909f56bfc062723c751e8b465ee728b)  -> (artifact id: '072929a20371f8d3a18c957ae678a1ab') in 0.006222 seconds 
  Import took 0.009135 seconds .

========================================================================
Received Import Request.
  Time since last request: 0.000196 seconds.
  path: Assets/Model/Umakosi/Prefab/DragonSoulEaterHP/DragonSoulEaterRedHP.prefab
  artifactKey: Guid(318830e16c9af9a449459f9b35ed0179) Importer(815301076,1909f56bfc062723c751e8b465ee728b)
Start importing Assets/Model/Umakosi/Prefab/DragonSoulEaterHP/DragonSoulEaterRedHP.prefab using Guid(318830e16c9af9a449459f9b35ed0179) Importer(815301076,1909f56bfc062723c751e8b465ee728b)  -> (artifact id: '34decf89046bb069865b69bb503de904') in 0.007796 seconds 
  Import took 0.010843 seconds .

========================================================================
Received Import Request.
  Time since last request: 0.000210 seconds.
  path: Assets/Model/Umakosi/Animations/DragonSoulEater/Die.fbx
  artifactKey: Guid(6f83b9d81f8c7854baeca6ff691bb0c1) Importer(815301076,1909f56bfc062723c751e8b465ee728b)
Start importing Assets/Model/Umakosi/Animations/DragonSoulEater/Die.fbx using Guid(6f83b9d81f8c7854baeca6ff691bb0c1) Importer(815301076,1909f56bfc062723c751e8b465ee728b)  -> (artifact id: 'cc019768b754e96f8b793fa339fc45f1') in 0.007353 seconds 
  Import took 0.010622 seconds .

========================================================================
Received Import Request.
  Time since last request: 0.000199 seconds.
  path: Assets/Model/Umakosi/Prefab/DragonSoulEaterPBR/DragonSoulEaterBluePBR.prefab
  artifactKey: Guid(31a77d5e57bdce243a1c38bc0ba2808f) Importer(815301076,1909f56bfc062723c751e8b465ee728b)
Start importing Assets/Model/Umakosi/Prefab/DragonSoulEaterPBR/DragonSoulEaterBluePBR.prefab using Guid(31a77d5e57bdce243a1c38bc0ba2808f) Importer(815301076,1909f56bfc062723c751e8b465ee728b)  -> (artifact id: '0e45a10cfc1068b1f646e3b5ae3536f9') in 0.007791 seconds 
  Import took 0.011133 seconds .

========================================================================
Received Import Request.
  Time since last request: 0.000197 seconds.
  path: Assets/Model/Umakosi/Animations/DragonSoulEater/Fly Fireball Shoot.fbx
  artifactKey: Guid(37760f0079ba2124cb0198d37570b625) Importer(815301076,1909f56bfc062723c751e8b465ee728b)
Start importing Assets/Model/Umakosi/Animations/DragonSoulEater/Fly Fireball Shoot.fbx using Guid(37760f0079ba2124cb0198d37570b625) Importer(815301076,1909f56bfc062723c751e8b465ee728b)  -> (artifact id: '7e9b70a262cddff7a6932a6e304b0aec') in 0.006269 seconds 
  Import took 0.009513 seconds .

========================================================================
Received Import Request.
  Time since last request: 0.000177 seconds.
  path: Assets/Model/Umakosi/Animations/DragonSoulEater/Walk.fbx
  artifactKey: Guid(555c2f8b240202a4c8f3c3f412587e5a) Importer(815301076,1909f56bfc062723c751e8b465ee728b)
Start importing Assets/Model/Umakosi/Animations/DragonSoulEater/Walk.fbx using Guid(555c2f8b240202a4c8f3c3f412587e5a) Importer(815301076,1909f56bfc062723c751e8b465ee728b)  -> (artifact id: '8b12310804724339b03af728a8069af2') in 0.006667 seconds 
  Import took 0.009716 seconds .

========================================================================
Received Import Request.
  Time since last request: 0.000163 seconds.
  path: Assets/Prefab/Uematu/crab-monster.prefab
  artifactKey: Guid(b19598723ea946643a57add24162220f) Importer(815301076,1909f56bfc062723c751e8b465ee728b)
Start importing Assets/Prefab/Uematu/crab-monster.prefab using Guid(b19598723ea946643a57add24162220f) Importer(815301076,1909f56bfc062723c751e8b465ee728b)  -> (artifact id: 'c43f0fcafbe6b0783b09ab5c19dc9e03') in 0.010505 seconds 
  Import took 0.013892 seconds .

========================================================================
Received Import Request.
  Time since last request: 0.000172 seconds.
  path: Assets/Model/Umakosi/Animations/DragonBoar/Die.fbx
  artifactKey: Guid(e30ffe326b27d924aaac44272b4e9aa7) Importer(815301076,1909f56bfc062723c751e8b465ee728b)
Start importing Assets/Model/Umakosi/Animations/DragonBoar/Die.fbx using Guid(e30ffe326b27d924aaac44272b4e9aa7) Importer(815301076,1909f56bfc062723c751e8b465ee728b)  -> (artifact id: 'f9680f81224951a1e78c79b60f6ad992') in 0.007155 seconds 
  Import took 0.010223 seconds .

========================================================================
Received Import Request.
  Time since last request: 0.000219 seconds.
  path: Assets/Model/Umakosi/Prefab/DragonSoulEaterPBR/DragonSoulEaterGreenPBR.prefab
  artifactKey: Guid(1d6a1f892e553d1499063fb87a1266c4) Importer(815301076,1909f56bfc062723c751e8b465ee728b)
Start importing Assets/Model/Umakosi/Prefab/DragonSoulEaterPBR/DragonSoulEaterGreenPBR.prefab using Guid(1d6a1f892e553d1499063fb87a1266c4) Importer(815301076,1909f56bfc062723c751e8b465ee728b)  -> (artifact id: '0160810212e77d54cb2d5b30071c1702') in 0.008136 seconds 
  Import took 0.011676 seconds .

========================================================================
Received Import Request.
  Time since last request: 0.000218 seconds.
  path: Assets/Model/Umakosi/Prefab/DragonSoulEaterPBR/DragonSoulEaterRedPBR.prefab
  artifactKey: Guid(a0740f648a2224844a894ba6a107d0a9) Importer(815301076,1909f56bfc062723c751e8b465ee728b)
Start importing Assets/Model/Umakosi/Prefab/DragonSoulEaterPBR/DragonSoulEaterRedPBR.prefab using Guid(a0740f648a2224844a894ba6a107d0a9) Importer(815301076,1909f56bfc062723c751e8b465ee728b)  -> (artifact id: '53591b53d6b3766979a064676443aad9') in 0.009956 seconds 
  Import took 0.014513 seconds .

========================================================================
Received Import Request.
  Time since last request: 0.000334 seconds.
  path: Packages/com.unity.xr.legacyinputhelpers/Prefabs/XRRig.prefab
  artifactKey: Guid(c116b7497ab8ca34c9188965d4295e27) Importer(815301076,1909f56bfc062723c751e8b465ee728b)
Start importing Packages/com.unity.xr.legacyinputhelpers/Prefabs/XRRig.prefab using Guid(c116b7497ab8ca34c9188965d4295e27) Importer(815301076,1909f56bfc062723c751e8b465ee728b)  -> (artifact id: '4e0993ac88694dc4088532330439dbe4') in 0.104928 seconds 
  Import took 0.108861 seconds .

========================================================================
Received Import Request.
  Time since last request: 5.645614 seconds.
  path: Assets/Script
  artifactKey: Guid(c30504d0d7cd9e949a316f3a9bd7e66a) Importer(815301076,1909f56bfc062723c751e8b465ee728b)
Start importing Assets/Script using Guid(c30504d0d7cd9e949a316f3a9bd7e66a) Importer(815301076,1909f56bfc062723c751e8b465ee728b)  -> (artifact id: 'f1901203703bd973eb7c755b13d784cd') in 0.004527 seconds 
  Import took 0.007478 seconds .

========================================================================
Received Import Request.
  Time since last request: 1.693904 seconds.
  path: Assets/Script/Kagemoto
  artifactKey: Guid(055a4e0d7f138be468a947a8ce34cfd8) Importer(815301076,1909f56bfc062723c751e8b465ee728b)
Start importing Assets/Script/Kagemoto using Guid(055a4e0d7f138be468a947a8ce34cfd8) Importer(815301076,1909f56bfc062723c751e8b465ee728b)  -> (artifact id: 'dfdab2a21c7c97b4f565fcbda78cf235') in 0.006095 seconds 
  Import took 0.009695 seconds .

========================================================================
Received Import Request.
  Time since last request: 11.692148 seconds.
  path: Assets/Script/Kagemoto/pushtest.cs
  artifactKey: Guid(dcfd6f33b913d8242a58427381aeab37) Importer(815301076,1909f56bfc062723c751e8b465ee728b)
Start importing Assets/Script/Kagemoto/pushtest.cs using Guid(dcfd6f33b913d8242a58427381aeab37) Importer(815301076,1909f56bfc062723c751e8b465ee728b)  -> (artifact id: 'bb6a723815b2fd2ec012b906e81cf5a9') in 0.009614 seconds 
  Import took 0.013367 seconds .

========================================================================
Received Prepare
Registering precompiled user dll's ...
Registered in 0.011605 seconds.
Begin MonoManager ReloadAssembly
Native extension for WindowsStandalone target not found
Refreshing native plugins compatible for Editor in 0.64 ms, found 2 plugins.
Preloading 0 native plugins for Editor in 0.00 ms.
Mono: successfully reloaded assembly
- Completed reload, in  1.089 seconds
Domain Reload Profiling:
	ReloadAssembly (1090ms)
		BeginReloadAssembly (125ms)
			ExecutionOrderSort (0ms)
			DisableScriptedObjects (5ms)
			BackupInstance (0ms)
			ReleaseScriptingObjects (0ms)
			CreateAndSetChildDomain (34ms)
		EndReloadAssembly (899ms)
			LoadAssemblies (134ms)
			RebuildTransferFunctionScriptingTraits (0ms)
			SetupTypeCache (310ms)
			ReleaseScriptCaches (1ms)
			RebuildScriptCaches (36ms)
			SetupLoadedEditorAssemblies (333ms)
				LogAssemblyErrors (0ms)
				InitializePlatformSupportModulesInManaged (5ms)
				SetLoadedEditorAssemblies (0ms)
				RefreshPlugins (1ms)
				BeforeProcessingInitializeOnLoad (66ms)
				ProcessInitializeOnLoadAttributes (210ms)
				ProcessInitializeOnLoadMethodAttributes (45ms)
				AfterProcessingInitializeOnLoad (6ms)
				EditorAssembliesLoaded (0ms)
			ExecutionOrderSort2 (0ms)
			AwakeInstancesAfterBackupRestoration (6ms)
Platform modules already initialized, skipping
Refreshing native plugins compatible for Editor in 0.65 ms, found 2 plugins.
Preloading 0 native plugins for Editor in 0.00 ms.
Unloading 2133 Unused Serialized files (Serialized files now loaded: 0)
System memory in use before: 90.2 MB.
System memory in use after: 90.3 MB.

Unloading 50 unused Assets to reduce memory usage. Loaded Objects now: 2561.
Total: 6.663800 ms (FindLiveObjects: 0.155900 ms CreateObjectMapping: 0.061000 ms MarkObjects: 6.410600 ms  DeleteObjects: 0.035200 ms)

AssetImportParameters requested are different than current active one (requested -> active):
  custom:framework-win-MediaFoundation: 216162199b28c13a410421893ffa2e32 -> 
  custom:video-decoder-ogg-theora: a1e56fd34408186e4bbccfd4996cb3dc -> 
  custom:container-muxer-webm: aa71ff27fc2769a1b78a27578f13a17b -> 
  custom:container-demuxer-webm: 4f35f7cbe854078d1ac9338744f61a02 -> 
  custom:container-demuxer-ogg: 62fdf1f143b41e24485cea50d1cbac27 -> 
  custom:video-encoder-webm-vp8: eb34c28f22e8b96e1ab97ce403110664 -> 
  custom:video-codec-MediaFoundation-h265: 746d11721c4dcdbdad8f713fa42b33f4 -> 
  custom:video-decoder-webm-vp8: 9c59270c3fd7afecdb556c50c9e8de78 -> 
  custom:audio-decoder-ogg-vorbis: bf7c407c2cedff20999df2af8eb42d56 -> 
  custom:audio-encoder-webm-vorbis: bf7c407c2cedff20999df2af8eb42d56 -> 
